<?xml version="1.0" encoding="UTF-8"?>
<!-- Generated by org.testng.reporters.JUnitXMLReporter -->
<testsuite ignored="0" hostname="G130LTRV" failures="0" tests="6" name="selenium" time="25.129" errors="0" timestamp="2024-07-12T09:46:08 IST">
  <testcase classname="com.automation.testng.LoginTest" name="failure" time="0.236"/>
  <testcase classname="com.automation.testng.LoginTest" name="success" time="0.261"/>
  <testcase classname="com.automation.testng.LoginTest" name="success" time="0.251"/>
  <testcase classname="com.automation.testng.LoginTest" name="success" time="5.262"/>
  <testcase classname="com.automation.testng.LoginTest" name="success" time="0.26"/>
  <testcase classname="com.automation.testng.LoginTest" name="success" time="0.265"/>
</testsuite> <!-- selenium -->
