<?xml version="1.0" encoding="UTF-8"?>
<testng-results ignored="0" total="6" passed="6" failed="0" skipped="0">
  <reporter-output>
  </reporter-output>
  <suite started-at="2024-07-12T09:45:43 IST" name="Default Suite" finished-at="2024-07-12T09:46:08 IST" duration-ms="25129">
    <groups>
    </groups>
    <test started-at="2024-07-12T09:45:43 IST" name="selenium" finished-at="2024-07-12T09:46:08 IST" duration-ms="25129">
      <class name="com.automation.testng.LoginTest">
        <test-method is-config="true" signature="before()[pri:0, instance:com.automation.testng.LoginTest@8909f18]" started-at="2024-07-12T09:45:43 IST" name="before" finished-at="2024-07-12T09:45:46 IST" duration-ms="3341" status="PASS">
          <reporter-output>
          </reporter-output>
        </test-method> <!-- before -->
        <test-method signature="failure(java.lang.String,java.lang.String)[pri:0, instance:com.automation.testng.LoginTest@8909f18]" started-at="2024-07-12T09:45:46 IST" name="failure" data-provider="invalid user" finished-at="2024-07-12T09:45:46 IST" duration-ms="236" status="PASS">
          <params>
            <param index="0">
              <value>
                <![CDATA[locked_out_user]]>
              </value>
            </param>
            <param index="1">
              <value>
                <![CDATA[secret_sauce]]>
              </value>
            </param>
          </params>
          <reporter-output>
          </reporter-output>
        </test-method> <!-- failure -->
        <test-method is-config="true" signature="after()[pri:0, instance:com.automation.testng.LoginTest@8909f18]" started-at="2024-07-12T09:45:46 IST" name="after" finished-at="2024-07-12T09:45:46 IST" duration-ms="227" status="PASS">
          <reporter-output>
          </reporter-output>
        </test-method> <!-- after -->
        <test-method is-config="true" signature="before()[pri:0, instance:com.automation.testng.LoginTest@8909f18]" started-at="2024-07-12T09:45:46 IST" name="before" finished-at="2024-07-12T09:45:49 IST" duration-ms="2594" status="PASS">
          <reporter-output>
          </reporter-output>
        </test-method> <!-- before -->
        <test-method signature="success(java.lang.String,java.lang.String)[pri:0, instance:com.automation.testng.LoginTest@8909f18]" started-at="2024-07-12T09:45:49 IST" name="success" data-provider="valid username" finished-at="2024-07-12T09:45:49 IST" duration-ms="261" status="PASS">
          <params>
            <param index="0">
              <value>
                <![CDATA[standard_user]]>
              </value>
            </param>
            <param index="1">
              <value>
                <![CDATA[secret_sauce]]>
              </value>
            </param>
          </params>
          <reporter-output>
          </reporter-output>
        </test-method> <!-- success -->
        <test-method is-config="true" signature="after()[pri:0, instance:com.automation.testng.LoginTest@8909f18]" started-at="2024-07-12T09:45:49 IST" name="after" finished-at="2024-07-12T09:45:49 IST" duration-ms="224" status="PASS">
          <reporter-output>
          </reporter-output>
        </test-method> <!-- after -->
        <test-method is-config="true" signature="before()[pri:0, instance:com.automation.testng.LoginTest@8909f18]" started-at="2024-07-12T09:45:49 IST" name="before" finished-at="2024-07-12T09:45:52 IST" duration-ms="2723" status="PASS">
          <reporter-output>
          </reporter-output>
        </test-method> <!-- before -->
        <test-method signature="success(java.lang.String,java.lang.String)[pri:0, instance:com.automation.testng.LoginTest@8909f18]" started-at="2024-07-12T09:45:52 IST" name="success" data-provider="valid username" finished-at="2024-07-12T09:45:52 IST" duration-ms="251" status="PASS">
          <params>
            <param index="0">
              <value>
                <![CDATA[problem_user]]>
              </value>
            </param>
            <param index="1">
              <value>
                <![CDATA[secret_sauce]]>
              </value>
            </param>
          </params>
          <reporter-output>
          </reporter-output>
        </test-method> <!-- success -->
        <test-method is-config="true" signature="after()[pri:0, instance:com.automation.testng.LoginTest@8909f18]" started-at="2024-07-12T09:45:52 IST" name="after" finished-at="2024-07-12T09:45:53 IST" duration-ms="226" status="PASS">
          <reporter-output>
          </reporter-output>
        </test-method> <!-- after -->
        <test-method is-config="true" signature="before()[pri:0, instance:com.automation.testng.LoginTest@8909f18]" started-at="2024-07-12T09:45:53 IST" name="before" finished-at="2024-07-12T09:45:56 IST" duration-ms="2897" status="PASS">
          <reporter-output>
          </reporter-output>
        </test-method> <!-- before -->
        <test-method signature="success(java.lang.String,java.lang.String)[pri:0, instance:com.automation.testng.LoginTest@8909f18]" started-at="2024-07-12T09:45:56 IST" name="success" data-provider="valid username" finished-at="2024-07-12T09:46:01 IST" duration-ms="5262" status="PASS">
          <params>
            <param index="0">
              <value>
                <![CDATA[performance_glitch_user]]>
              </value>
            </param>
            <param index="1">
              <value>
                <![CDATA[secret_sauce]]>
              </value>
            </param>
          </params>
          <reporter-output>
          </reporter-output>
        </test-method> <!-- success -->
        <test-method is-config="true" signature="after()[pri:0, instance:com.automation.testng.LoginTest@8909f18]" started-at="2024-07-12T09:46:01 IST" name="after" finished-at="2024-07-12T09:46:01 IST" duration-ms="235" status="PASS">
          <reporter-output>
          </reporter-output>
        </test-method> <!-- after -->
        <test-method is-config="true" signature="before()[pri:0, instance:com.automation.testng.LoginTest@8909f18]" started-at="2024-07-12T09:46:01 IST" name="before" finished-at="2024-07-12T09:46:04 IST" duration-ms="2944" status="PASS">
          <reporter-output>
          </reporter-output>
        </test-method> <!-- before -->
        <test-method signature="success(java.lang.String,java.lang.String)[pri:0, instance:com.automation.testng.LoginTest@8909f18]" started-at="2024-07-12T09:46:04 IST" name="success" data-provider="valid username" finished-at="2024-07-12T09:46:04 IST" duration-ms="260" status="PASS">
          <params>
            <param index="0">
              <value>
                <![CDATA[error_user]]>
              </value>
            </param>
            <param index="1">
              <value>
                <![CDATA[secret_sauce]]>
              </value>
            </param>
          </params>
          <reporter-output>
          </reporter-output>
        </test-method> <!-- success -->
        <test-method is-config="true" signature="after()[pri:0, instance:com.automation.testng.LoginTest@8909f18]" started-at="2024-07-12T09:46:04 IST" name="after" finished-at="2024-07-12T09:46:04 IST" duration-ms="212" status="PASS">
          <reporter-output>
          </reporter-output>
        </test-method> <!-- after -->
        <test-method is-config="true" signature="before()[pri:0, instance:com.automation.testng.LoginTest@8909f18]" started-at="2024-07-12T09:46:04 IST" name="before" finished-at="2024-07-12T09:46:07 IST" duration-ms="2685" status="PASS">
          <reporter-output>
          </reporter-output>
        </test-method> <!-- before -->
        <test-method signature="success(java.lang.String,java.lang.String)[pri:0, instance:com.automation.testng.LoginTest@8909f18]" started-at="2024-07-12T09:46:07 IST" name="success" data-provider="valid username" finished-at="2024-07-12T09:46:07 IST" duration-ms="265" status="PASS">
          <params>
            <param index="0">
              <value>
                <![CDATA[visual_user]]>
              </value>
            </param>
            <param index="1">
              <value>
                <![CDATA[secret_sauce]]>
              </value>
            </param>
          </params>
          <reporter-output>
          </reporter-output>
        </test-method> <!-- success -->
        <test-method is-config="true" signature="after()[pri:0, instance:com.automation.testng.LoginTest@8909f18]" started-at="2024-07-12T09:46:07 IST" name="after" finished-at="2024-07-12T09:46:08 IST" duration-ms="232" status="PASS">
          <reporter-output>
          </reporter-output>
        </test-method> <!-- after -->
      </class> <!-- com.automation.testng.LoginTest -->
    </test> <!-- selenium -->
  </suite> <!-- Default Suite -->
</testng-results>
